SF:lib/app/core/entities/pokemon_entity.dart
DA:4,0
LF:1
LH:0
end_of_record
SF:lib/app/modules/pokedex/domain/entities/pokemon_entity.dart
DA:4,2
LF:1
LH:1
end_of_record
SF:lib/app/modules/pokedex/infra/repositories/pokemon_repository_impl.dart
DA:12,1
DA:14,1
DA:19,2
DA:20,1
DA:21,1
DA:24,1
DA:27,1
DA:31,2
DA:32,1
DA:33,1
DA:36,1
DA:39,0
DA:44,0
DA:45,0
DA:46,0
DA:49,0
LF:16
LH:11
end_of_record
SF:lib/app/core/entities/ability_entity.dart
DA:2,0
LF:1
LH:0
end_of_record
SF:lib/app/core/entities/dream_world_entity.dart
DA:2,0
LF:1
LH:0
end_of_record
SF:lib/app/core/entities/game_index_entity.dart
DA:4,0
LF:1
LH:0
end_of_record
SF:lib/app/core/entities/home_entity.dart
DA:2,0
LF:1
LH:0
end_of_record
SF:lib/app/core/entities/species_entity.dart
DA:2,0
LF:1
LH:0
end_of_record
SF:lib/app/core/entities/move_entity.dart
DA:4,0
LF:1
LH:0
end_of_record
SF:lib/app/core/entities/stat_entity.dart
DA:4,0
LF:1
LH:0
end_of_record
SF:lib/app/core/entities/type_entity.dart
DA:4,0
LF:1
LH:0
end_of_record
SF:lib/app/core/entities/sprites_entity.dart
DA:4,0
LF:1
LH:0
end_of_record
SF:lib/app/core/entities/other_entity.dart
DA:4,0
LF:1
LH:0
end_of_record
SF:lib/app/core/entities/official_art_work_entity.dart
DA:2,0
LF:1
LH:0
end_of_record
SF:lib/app/core/entities/version_group_detail_entity.dart
DA:4,0
LF:1
LH:0
end_of_record
SF:lib/app/modules/pokedex/domain/usecases/get_all_pokemons_usecase.dart
DA:12,1
DA:14,1
DA:16,2
DA:18,5
LF:4
LH:4
end_of_record
SF:lib/app/modules/pokedex/domain/usecases/get_pokemon_usecase.dart
DA:15,1
DA:17,1
DA:19,2
DA:21,5
LF:4
LH:4
end_of_record
SF:lib/app/modules/pokedex/domain/usecases/get_pokemons_usecase.dart
DA:12,1
DA:14,1
DA:16,2
DA:18,5
LF:4
LH:4
end_of_record
SF:lib/app/modules/pokedex/infra/models/pokedex_model.dart
DA:4,2
DA:6,0
DA:7,0
DA:8,0
LF:4
LH:1
end_of_record
SF:lib/app/modules/pokedex/infra/models/pokemon_model.dart
DA:5,0
DA:14,0
DA:15,0
DA:21,0
DA:25,0
DA:26,0
DA:28,0
DA:29,0
DA:31,0
DA:35,0
DA:42,0
DA:46,0
DA:47,0
LF:13
LH:0
end_of_record
SF:lib/app/modules/pokedex/infra/models/ability_model.dart
DA:4,0
DA:6,0
DA:7,0
DA:8,0
DA:9,0
LF:5
LH:0
end_of_record
SF:lib/app/modules/pokedex/infra/models/dream_world_model.dart
DA:4,0
DA:6,0
DA:7,0
DA:8,0
DA:11,0
DA:12,0
DA:13,0
LF:7
LH:0
end_of_record
SF:lib/app/modules/pokedex/infra/models/home_model.dart
DA:4,0
DA:10,0
DA:11,0
DA:12,0
DA:13,0
DA:14,0
DA:17,0
DA:18,0
DA:19,0
DA:20,0
DA:21,0
LF:11
LH:0
end_of_record
SF:lib/app/modules/pokedex/infra/models/other_model.dart
DA:6,0
DA:8,0
DA:9,0
DA:10,0
DA:11,0
DA:14,0
DA:15,0
DA:16,0
DA:17,0
LF:9
LH:0
end_of_record
SF:lib/app/modules/pokedex/infra/models/type_model.dart
DA:5,0
DA:7,0
DA:8,0
DA:9,0
LF:4
LH:0
end_of_record
SF:lib/app/modules/pokedex/infra/models/species_model.dart
DA:4,0
DA:6,0
DA:7,0
DA:8,0
DA:11,0
DA:12,0
DA:13,0
LF:7
LH:0
end_of_record
SF:lib/app/modules/pokedex/infra/models/sprites_model.dart
DA:6,0
DA:20,0
DA:21,0
DA:22,0
DA:23,0
DA:24,0
DA:25,0
DA:26,0
DA:27,0
DA:28,0
DA:29,0
DA:30,0
DA:34,0
DA:35,0
DA:36,0
DA:37,0
DA:38,0
DA:39,0
DA:40,0
DA:41,0
DA:42,0
DA:43,0
LF:22
LH:0
end_of_record
SF:lib/app/modules/pokedex/infra/models/official_artwork_model.dart
DA:4,0
DA:6,0
DA:7,0
DA:8,0
DA:11,0
DA:12,0
DA:13,0
LF:7
LH:0
end_of_record
